<?xml version="1.0" encoding="UTF-8"?>
<!-- Generated by org.testng.reporters.JUnitXMLReporter -->
<testsuite hostname="QUASPC1207" ignored="0" name="Test" tests="3" failures="0" timestamp="20 Aug 2020 11:15:14 GMT" time="18.912" errors="0">
  <testcase name="verifyMoveToWater" time="0.004" classname="com.lucknow.qa.testcases.HomePageTest"/>
  <testcase name="verifyLoginPageTitle" time="0.008" classname="com.lucknow.qa.testcases.LoginPageTest"/>
  <testcase name="loginToWebProtal" time="0.19" classname="com.lucknow.qa.testcases.LoginPageTest"/>
</testsuite> <!-- Test -->
