<?xml version="1.0" encoding="UTF-8"?>
<!-- Generated by org.testng.reporters.JUnitXMLReporter -->
<testsuite hostname="QUASPC1207" ignored="4" name="Test" tests="1" failures="1" timestamp="2020-10-19T13:44:06 IST" time="40.202" errors="0">
  <testcase name="SGL_NATMO_GeoPortal_10" time="36.373" classname="Tests.GeoPortalTestCase">
    <failure type="org.openqa.selenium.NoSuchElementException" message="Unable to locate element: //div[@class=&amp;apos;x-tool x-tool-close&amp;apos;]
For documentation on this error, please visit: https://www.seleniumhq.org/exceptions/no_such_element.html
Build info: version: &amp;apos;3.141.59&amp;apos;, revision: &amp;apos;e82be7d358&amp;apos;, time: &amp;apos;2018-11-14T08:17:03&amp;apos;
System info: host: &amp;apos;QUASPC1207&amp;apos;, ip: &amp;apos;192.168.1.207&amp;apos;, os.name: &amp;apos;Windows 10&amp;apos;, os.arch: &amp;apos;amd64&amp;apos;, os.version: &amp;apos;10.0&amp;apos;, java.version: &amp;apos;1.8.0_191&amp;apos;
Driver info: org.openqa.selenium.firefox.FirefoxDriver
Capabilities {acceptInsecureCerts: true, browserName: firefox, browserVersion: 79.0, javascriptEnabled: true, moz:accessibilityChecks: false, moz:buildID: 20200720193547, moz:geckodriverVersion: 0.27.0, moz:headless: false, moz:processID: 15008, moz:profile: C:\Users\punit.s\AppData\Lo..., moz:shutdownTimeout: 60000, moz:useNonSpecCompliantPointerOrigin: false, moz:webdriverClick: true, pageLoadStrategy: normal, platform: WINDOWS, platformName: WINDOWS, platformVersion: 10.0, rotatable: false, setWindowRect: true, strictFileInteractability: false, timeouts: {implicit: 0, pageLoad: 300000, script: 30000}, unhandledPromptBehavior: dismiss and notify}
Session ID: fcc6bcfa-b790-42e3-8ebe-373a7a28b1ce
*** Element info: {Using=xpath, value=//div[@class=&amp;apos;x-tool x-tool-close&amp;apos;]}">
      <![CDATA[org.openqa.selenium.NoSuchElementException: Unable to locate element: //div[@class='x-tool x-tool-close']
For documentation on this error, please visit: https://www.seleniumhq.org/exceptions/no_such_element.html
Build info: version: '3.141.59', revision: 'e82be7d358', time: '2018-11-14T08:17:03'
System info: host: 'QUASPC1207', ip: '192.168.1.207', os.name: 'Windows 10', os.arch: 'amd64', os.version: '10.0', java.version: '1.8.0_191'
Driver info: org.openqa.selenium.firefox.FirefoxDriver
Capabilities {acceptInsecureCerts: true, browserName: firefox, browserVersion: 79.0, javascriptEnabled: true, moz:accessibilityChecks: false, moz:buildID: 20200720193547, moz:geckodriverVersion: 0.27.0, moz:headless: false, moz:processID: 15008, moz:profile: C:\Users\punit.s\AppData\Lo..., moz:shutdownTimeout: 60000, moz:useNonSpecCompliantPointerOrigin: false, moz:webdriverClick: true, pageLoadStrategy: normal, platform: WINDOWS, platformName: WINDOWS, platformVersion: 10.0, rotatable: false, setWindowRect: true, strictFileInteractability: false, timeouts: {implicit: 0, pageLoad: 300000, script: 30000}, unhandledPromptBehavior: dismiss and notify}
Session ID: fcc6bcfa-b790-42e3-8ebe-373a7a28b1ce
*** Element info: {Using=xpath, value=//div[@class='x-tool x-tool-close']}
at org.openqa.selenium.remote.http.W3CHttpResponseCodec.createException(W3CHttpResponseCodec.java:187)
at org.openqa.selenium.remote.http.W3CHttpResponseCodec.decode(W3CHttpResponseCodec.java:122)
at org.openqa.selenium.remote.http.W3CHttpResponseCodec.decode(W3CHttpResponseCodec.java:49)
at org.openqa.selenium.remote.HttpCommandExecutor.execute(HttpCommandExecutor.java:158)
at org.openqa.selenium.remote.service.DriverCommandExecutor.execute(DriverCommandExecutor.java:83)
at org.openqa.selenium.remote.RemoteWebDriver.execute(RemoteWebDriver.java:552)
at org.openqa.selenium.remote.RemoteWebDriver.findElement(RemoteWebDriver.java:323)
at org.openqa.selenium.remote.RemoteWebDriver.findElementByXPath(RemoteWebDriver.java:428)
at org.openqa.selenium.By$ByXPath.findElement(By.java:353)
at org.openqa.selenium.remote.RemoteWebDriver.findElement(RemoteWebDriver.java:315)
at Tests.GeoPortalTestCase.SGL_NATMO_GeoPortal_10(GeoPortalTestCase.java:203)
at java.util.ArrayList.forEach(Unknown Source)
... Removed 31 stack frames]]>
    </failure>
  </testcase> <!-- SGL_NATMO_GeoPortal_10 -->
  <testcase name="SGL_NATMO_GeoPortal_03" time="0.0" classname="Tests.GeoPortalTestCase">
    <ignored/>
  </testcase> <!-- SGL_NATMO_GeoPortal_03 -->
  <testcase name="SGL_NATMO_GeoPortal_09" time="0.0" classname="Tests.GeoPortalTestCase">
    <ignored/>
  </testcase> <!-- SGL_NATMO_GeoPortal_09 -->
  <testcase name="SGL_NATMO_GeoPortal_02" time="0.0" classname="Tests.GeoPortalTestCase">
    <ignored/>
  </testcase> <!-- SGL_NATMO_GeoPortal_02 -->
  <testcase name="SGL_NATMO_GeoPortal_01" time="0.0" classname="Tests.GeoPortalTestCase">
    <ignored/>
  </testcase> <!-- SGL_NATMO_GeoPortal_01 -->
</testsuite> <!-- Test -->
