<?xml version="1.0" encoding="UTF-8"?>
<testng-results skipped="0" failed="1" ignored="0" total="1" passed="0">
  <reporter-output>
  </reporter-output>
  <suite name="Default suite" duration-ms="3758" started-at="2020-09-24T11:43:11 IST" finished-at="2020-09-24T11:43:15 IST">
    <groups>
    </groups>
    <test name="Default test" duration-ms="3758" started-at="2020-09-24T11:43:11 IST" finished-at="2020-09-24T11:43:15 IST">
      <class name="Samples.Sample">
        <test-method status="PASS" signature="DriverProperty()[pri:0, instance:Samples.Sample@1786dec2]" name="DriverProperty" is-config="true" duration-ms="5" started-at="2020-09-24T11:43:11 IST" finished-at="2020-09-24T11:43:11 IST">
          <reporter-output>
          </reporter-output>
        </test-method> <!-- DriverProperty -->
        <test-method status="PASS" signature="ExtentReportInitialize(org.testng.ITestContext)[pri:0, instance:Samples.Sample@1786dec2]" name="ExtentReportInitialize" is-config="true" duration-ms="3206" started-at="2020-09-24T11:43:11 IST" finished-at="2020-09-24T11:43:15 IST">
          <params>
            <param index="0">
              <value>
                <![CDATA[org.testng.TestRunner@67b9b51a]]>
              </value>
            </param>
          </params>
          <reporter-output>
          </reporter-output>
        </test-method> <!-- ExtentReportInitialize -->
        <test-method status="FAIL" signature="SGL_J_K_Contact_01()[pri:0, instance:Samples.Sample@1786dec2]" name="SGL_J_K_Contact_01" duration-ms="67" started-at="2020-09-24T11:43:15 IST" finished-at="2020-09-24T11:43:15 IST">
          <exception class="java.lang.NullPointerException">
            <full-stacktrace>
              <![CDATA[java.lang.NullPointerException
at Samples.Sample.SGL_J_K_Contact_01(Sample.java:41)
at sun.reflect.NativeMethodAccessorImpl.invoke0(Native Method)
at sun.reflect.NativeMethodAccessorImpl.invoke(Unknown Source)
at sun.reflect.DelegatingMethodAccessorImpl.invoke(Unknown Source)
at java.lang.reflect.Method.invoke(Unknown Source)
at org.testng.internal.MethodInvocationHelper.invokeMethod(MethodInvocationHelper.java:132)
at org.testng.internal.TestInvoker.invokeMethod(TestInvoker.java:599)
at org.testng.internal.TestInvoker.invokeTestMethod(TestInvoker.java:174)
at org.testng.internal.MethodRunner.runInSequence(MethodRunner.java:46)
at org.testng.internal.TestInvoker$MethodInvocationAgent.invoke(TestInvoker.java:822)
at org.testng.internal.TestInvoker.invokeTestMethods(TestInvoker.java:147)
at org.testng.internal.TestMethodWorker.invokeTestMethods(TestMethodWorker.java:146)
at org.testng.internal.TestMethodWorker.run(TestMethodWorker.java:128)
at java.util.ArrayList.forEach(Unknown Source)
at org.testng.TestRunner.privateRun(TestRunner.java:764)
at org.testng.TestRunner.run(TestRunner.java:585)
at org.testng.SuiteRunner.runTest(SuiteRunner.java:384)
at org.testng.SuiteRunner.runSequentially(SuiteRunner.java:378)
at org.testng.SuiteRunner.privateRun(SuiteRunner.java:337)
at org.testng.SuiteRunner.run(SuiteRunner.java:286)
at org.testng.SuiteRunnerWorker.runSuite(SuiteRunnerWorker.java:53)
at org.testng.SuiteRunnerWorker.run(SuiteRunnerWorker.java:96)
at org.testng.TestNG.runSuitesSequentially(TestNG.java:1218)
at org.testng.TestNG.runSuitesLocally(TestNG.java:1140)
at org.testng.TestNG.runSuites(TestNG.java:1069)
at org.testng.TestNG.run(TestNG.java:1037)
at org.testng.remote.AbstractRemoteTestNG.run(AbstractRemoteTestNG.java:115)
at org.testng.remote.RemoteTestNG.initAndRun(RemoteTestNG.java:251)
at org.testng.remote.RemoteTestNG.main(RemoteTestNG.java:77)
]]>
            </full-stacktrace>
          </exception> <!-- java.lang.NullPointerException -->
          <reporter-output>
          </reporter-output>
        </test-method> <!-- SGL_J_K_Contact_01 -->
        <test-method status="PASS" signature="close()[pri:0, instance:Samples.Sample@1786dec2]" name="close" is-config="true" duration-ms="468" started-at="2020-09-24T11:43:15 IST" finished-at="2020-09-24T11:43:15 IST">
          <reporter-output>
          </reporter-output>
        </test-method> <!-- close -->
      </class> <!-- Samples.Sample -->
    </test> <!-- Default test -->
  </suite> <!-- Default suite -->
</testng-results>
